<?xml version="1.0" encoding="UTF-8"?>
<testng-results ignored="0" total="0" passed="0" failed="0" skipped="0">
  <reporter-output>
  </reporter-output>
  <suite started-at="2022-06-24T11:40:57 PET" name="Surefire suite" finished-at="2022-06-24T11:40:57 PET" duration-ms="19">
    <groups>
    </groups>
    <test started-at="2022-06-24T11:40:57 PET" name="Surefire test" finished-at="2022-06-24T11:40:57 PET" duration-ms="19">
    </test> <!-- Surefire test -->
  </suite> <!-- Surefire suite -->
</testng-results>
